2025-03-20T00:32:21.366Z error: uncaughtException: Cannot read properties of undefined (reading 'secret')
TypeError: Cannot read properties of undefined (reading 'secret')
    at Object.<anonymous> (/usr/src/bianca-app/src/config/passport.js:7:27)
    at Module._compile (node:internal/modules/cjs/loader:1364:14)
    at Module._extensions..js (node:internal/modules/cjs/loader:1422:10)
    at Module.load (node:internal/modules/cjs/loader:1203:32)
    at Module._load (node:internal/modules/cjs/loader:1019:12)
    at Module.require (node:internal/modules/cjs/loader:1231:19)
    at require (node:internal/modules/helpers:177:18)
    at Object.<anonymous> (/usr/src/bianca-app/src/app.js:13:25)
    at Module._compile (node:internal/modules/cjs/loader:1364:14)
    at Module._extensions..js (node:internal/modules/cjs/loader:1422:10)
    at Module.load (node:internal/modules/cjs/loader:1203:32)
    at Module._load (node:internal/modules/cjs/loader:1019:12)
    at Module.require (node:internal/modules/cjs/loader:1231:19)
    at require (node:internal/modules/helpers:177:18)
    at Object.<anonymous> (/usr/src/bianca-app/src/index.js:2:13)
    at Module._compile (node:internal/modules/cjs/loader:1364:14)
2025-03-20T00:43:52.431Z error: uncaughtException: Cannot read properties of undefined (reading 'secret')
TypeError: Cannot read properties of undefined (reading 'secret')
    at Object.<anonymous> (/usr/src/bianca-app/src/config/passport.js:7:27)
    at Module._compile (node:internal/modules/cjs/loader:1364:14)
    at Module._extensions..js (node:internal/modules/cjs/loader:1422:10)
    at Module.load (node:internal/modules/cjs/loader:1203:32)
    at Module._load (node:internal/modules/cjs/loader:1019:12)
    at Module.require (node:internal/modules/cjs/loader:1231:19)
    at require (node:internal/modules/helpers:177:18)
    at Object.<anonymous> (/usr/src/bianca-app/src/app.js:13:25)
    at Module._compile (node:internal/modules/cjs/loader:1364:14)
    at Module._extensions..js (node:internal/modules/cjs/loader:1422:10)
    at Module.load (node:internal/modules/cjs/loader:1203:32)
    at Module._load (node:internal/modules/cjs/loader:1019:12)
    at Module.require (node:internal/modules/cjs/loader:1231:19)
    at require (node:internal/modules/helpers:177:18)
    at Object.<anonymous> (/usr/src/bianca-app/src/index.js:2:13)
    at Module._compile (node:internal/modules/cjs/loader:1364:14)
